


ARM Macro Assembler    Page 1 


    1 00000000         ;-------------------------------------------------------
                       ---------------------
    2 00000000         ; Copyright (c) <2013-2015>, <Huawei Technologies Co., L
                       td>
    3 00000000         ; All rights reserved.
    4 00000000         ; Redistribution and use in source and binary forms, wit
                       h or without modification,
    5 00000000         ; are permitted provided that the following conditions a
                       re met:
    6 00000000         ; 1. Redistributions of source code must retain the abov
                       e copyright notice, this list of
    7 00000000         ; conditions and the following disclaimer.
    8 00000000         ; 2. Redistributions in binary form must reproduce the a
                       bove copyright notice, this list
    9 00000000         ; of conditions and the following disclaimer in the docu
                       mentation and/or other materials
   10 00000000         ; provided with the distribution.
   11 00000000         ; 3. Neither the name of the copyright holder nor the na
                       mes of its contributors may be used
   12 00000000         ; to endorse or promote products derived from this softw
                       are without specific prior written
   13 00000000         ; permission.
   14 00000000         ; THIS SOFTWARE IS PROVIDED BY THE COPYRIGHT HOLDERS AND
                        CONTRIBUTORS
   15 00000000         ; "AS IS" AND ANY EXPRESS OR IMPLIED WARRANTIES, INCLUDI
                       NG, BUT NOT LIMITED TO,
   16 00000000         ; THE IMPLIED WARRANTIES OF MERCHANTABILITY AND FITNESS 
                       FOR A PARTICULAR
   17 00000000         ; PURPOSE ARE DISCLAIMED. IN NO EVENT SHALL THE COPYRIGH
                       T HOLDER OR
   18 00000000         ; CONTRIBUTORS BE LIABLE FOR ANY DIRECT, INDIRECT, INCID
                       ENTAL, SPECIAL,
   19 00000000         ; EXEMPLARY, OR CONSEQUENTIAL DAMAGES (INCLUDING, BUT NO
                       T LIMITED TO,
   20 00000000         ; PROCUREMENT OF SUBSTITUTE GOODS OR SERVICES; LOSS OF U
                       SE, DATA, OR PROFITS;
   21 00000000         ; OR BUSINESS INTERRUPTION) HOWEVER CAUSED AND ON ANY TH
                       EORY OF LIABILITY,
   22 00000000         ; WHETHER IN CONTRACT, STRICT LIABILITY, OR TORT (INCLUD
                       ING NEGLIGENCE OR
   23 00000000         ; OTHERWISE) ARISING IN ANY WAY OUT OF THE USE OF THIS S
                       OFTWARE, EVEN IF
   24 00000000         ; ADVISED OF THE POSSIBILITY OF SUCH DAMAGE.
   25 00000000         ;-------------------------------------------------------
                       --------------------*/
   26 00000000         ;-------------------------------------------------------
                       ---------------------
   27 00000000         ; Notice of Export Control Law
   28 00000000         ; ===============================================
   29 00000000         ; Huawei LiteOS may be subject to applicable export cont
                       rol laws and regulations, which might
   30 00000000         ; include those applicable to Huawei LiteOS of U.S. and 
                       the country in which you are located.
   31 00000000         ; Import, export and usage of Huawei LiteOS in any manne
                       r by you shall be in compliance with such
   32 00000000         ; applicable export control laws and regulations.
   33 00000000         ;-------------------------------------------------------
                       --------------------*/
   34 00000000         



ARM Macro Assembler    Page 2 


   35 00000000                 PRESERVE8
   36 00000000         
   37 00000000                 EXPORT           LOS_IntLock
   38 00000000                 EXPORT           LOS_IntUnLock
   39 00000000                 EXPORT           LOS_IntRestore
   40 00000000                 EXPORT           LOS_StartToRun
   41 00000000                 EXPORT           osTaskSchedule
   42 00000000                 EXPORT           PendSV_Handler
   43 00000000         
   44 00000000                 IMPORT           g_stLosTask
   45 00000000                 IMPORT           g_pfnTskSwitchHook
   46 00000000                 IMPORT           g_bTaskScheduled
   47 00000000         
   48 00000000 E000ED04 
                       OS_NVIC_INT_CTRL
                               EQU              0xE000ED04
   49 00000000 E000ED20 
                       OS_NVIC_SYSPRI2
                               EQU              0xE000ED20
   50 00000000 F0F00000 
                       OS_NVIC_PENDSV_PRI
                               EQU              0xF0F00000
   51 00000000 10000000 
                       OS_NVIC_PENDSVSET
                               EQU              0x10000000
   52 00000000 00000010 
                       OS_TASK_STATUS_RUNNING
                               EQU              0x0010
   53 00000000         
   54 00000000                 AREA             |.text|,CODE , READONLY
   55 00000000                 THUMB
   56 00000000         
   57 00000000         
   58 00000000         LOS_StartToRun
   59 00000000 4C14            LDR              R4, =OS_NVIC_SYSPRI2
   60 00000002 4D15            LDR              R5, =OS_NVIC_PENDSV_PRI
   61 00000004 6025            STR              R5, [R4]
   62 00000006         
   63 00000006 4815            LDR              R0, =g_bTaskScheduled
   64 00000008 F04F 0101       MOV              R1, #1
   65 0000000C 6001            STR              R1, [R0]
   66 0000000E         
   67 0000000E F04F 0002       MOV              R0, #2
   68 00000012 F380 8814       MSR              CONTROL, R0
   69 00000016         
   70 00000016         
   71 00000016 4812            LDR              R0, =g_stLosTask
   72 00000018 6842            LDR              R2, [R0, #4]
   73 0000001A 4811            LDR              R0, =g_stLosTask
   74 0000001C 6002            STR              R2, [R0]
   75 0000001E         
   76 0000001E 4B10            LDR              R3, =g_stLosTask
   77 00000020 6818            LDR              R0, [R3]
   78 00000022 8887            LDRH             R7, [R0 , #4]
   79 00000024 F04F 0810       MOV              R8,  #OS_TASK_STATUS_RUNNING
   80 00000028 EA47 0708       ORR              R7,  R7,  R8
   81 0000002C 8087            STRH             R7,  [R0 , #4]
   82 0000002E         
   83 0000002E F8D0 C000       LDR              R12, [R0]



ARM Macro Assembler    Page 3 


   84 00000032 F10C 0C64       ADD              R12, R12, #100
   85 00000036         
   86 00000036 E8BC 00FF       LDMFD            R12!, {R0-R7}
   87 0000003A F10C 0C48       ADD              R12, R12, #72
   88 0000003E F38C 8809       MSR              PSP, R12
   89 00000042 ED2D 0A01       VPUSH            S0          ;
   90 00000046 ECBD 0A01       VPOP             S0          ;
   91 0000004A         
   92 0000004A 46AE            MOV              LR, R5
   93 0000004C         ;MSR     xPSR, R7
   94 0000004C         
   95 0000004C B662            CPSIE            I
   96 0000004E 4730            BX               R6
   97 00000050         
   98 00000050 BF00            NOP
   99 00000052 00 00           ALIGN
  100 00000054 E000ED20 
              F0F00000 
              00000000 
              00000000         AREA             KERNEL,CODE,READONLY
  101 00000000                 THUMB
  102 00000000         
  103 00000000         
  104 00000000         LOS_IntLock
  105 00000000 F3EF 8010       MRS              R0, PRIMASK
  106 00000004 B672            CPSID            I
  107 00000006 4770            BX               LR
  108 00000008         
  109 00000008         LOS_IntUnLock
  110 00000008 F3EF 8010       MRS              R0, PRIMASK
  111 0000000C B662            CPSIE            I
  112 0000000E 4770            BX               LR
  113 00000010         
  114 00000010         LOS_IntRestore
  115 00000010 F380 8810       MSR              PRIMASK, R0
  116 00000014 4770            BX               LR
  117 00000016         
  118 00000016         osTaskSchedule
  119 00000016 4819            LDR              R0, =OS_NVIC_INT_CTRL
  120 00000018 F04F 5180       LDR              R1, =OS_NVIC_PENDSVSET
  121 0000001C 6001            STR              R1, [R0]
  122 0000001E 4770            BX               LR
  123 00000020         
  124 00000020         PendSV_Handler
  125 00000020 F3EF 8C10       MRS              R12, PRIMASK
  126 00000024 B672            CPSID            I
  127 00000026         
  128 00000026 4A16            LDR              R2, =g_pfnTskSwitchHook
  129 00000028 6812            LDR              R2, [R2]
  130 0000002A B122            CBZ              R2, TaskSwitch
  131 0000002C E92D 5000       PUSH             {R12, LR}
  132 00000030 4790            BLX              R2
  133 00000032 E8BD 5000       POP              {R12, LR}
  134 00000036         
  135 00000036         TaskSwitch
  136 00000036 F3EF 8009       MRS              R0, PSP
  137 0000003A         
  138 0000003A E920 1FF0       STMFD            R0!, {R4-R12}
  139 0000003E ED20 8B10       VSTMDB           R0!, {D8-D15}



ARM Macro Assembler    Page 4 


  140 00000042         
  141 00000042 4D10            LDR              R5, =g_stLosTask
  142 00000044 682E            LDR              R6, [R5]
  143 00000046 6030            STR              R0, [R6]
  144 00000048         
  145 00000048         
  146 00000048 88B7            LDRH             R7, [R6 , #4]
  147 0000004A F04F 0810       MOV              R8,#OS_TASK_STATUS_RUNNING
  148 0000004E EA27 0708       BIC              R7, R7, R8
  149 00000052 80B7            STRH             R7, [R6 , #4]
  150 00000054         
  151 00000054         
  152 00000054 480B            LDR              R0, =g_stLosTask
  153 00000056 6840            LDR              R0, [R0, #4]
  154 00000058 6028            STR              R0, [R5]
  155 0000005A         
  156 0000005A         
  157 0000005A 8887            LDRH             R7, [R0 , #4]
  158 0000005C F04F 0810       MOV              R8,  #OS_TASK_STATUS_RUNNING
  159 00000060 EA47 0708       ORR              R7, R7, R8
  160 00000064 8087            STRH             R7,  [R0 , #4]
  161 00000066         
  162 00000066 6801            LDR              R1,   [R0]
  163 00000068 ECB1 8B10       VLDMIA           R1!, {D8-D15}
  164 0000006C E8B1 1FF0       LDMFD            R1!, {R4-R12}
  165 00000070 F381 8809       MSR              PSP,  R1
  166 00000074         
  167 00000074 F38C 8810       MSR              PRIMASK, R12
  168 00000078 4770            BX               LR
  169 0000007A         
  170 0000007A BF00            NOP
  171 0000007C                 ALIGN
  172 0000007C                 END
              E000ED04 
              00000000 
              00000000 
Command Line: --debug --xref --cpu=Cortex-M4.fp --apcs=interwork --depend=..\ob
j\los_dispatch.d -o..\obj\los_dispatch.o -IC:\Keil_v5\ARM\RV31\INC -IC:\Keil_v5
\ARM\PACK\ARM\CMSIS\4.1.1\CMSIS\Include -IC:\Keil_v5\ARM\PACK\Keil\STM32F4xx_DF
P\1.0.8\Device\Include --predefine="__MICROLIB SETA 1" --list=..\obj\los_dispat
ch.lst ..\Huawei_LiteOS\platform\cpu\arm\cortex-m4\los_dispatch.s



ARM Macro Assembler    Page 1 Alphabetic symbol ordering
Relocatable symbols

.text 00000000

Symbol: .text
   Definitions
      At line 54 in file ..\Huawei_LiteOS\platform\cpu\arm\cortex-m4\los_dispat
ch.s
   Uses
      None
Comment: .text unused
LOS_StartToRun 00000000

Symbol: LOS_StartToRun
   Definitions
      At line 58 in file ..\Huawei_LiteOS\platform\cpu\arm\cortex-m4\los_dispat
ch.s
   Uses
      At line 40 in file ..\Huawei_LiteOS\platform\cpu\arm\cortex-m4\los_dispat
ch.s
Comment: LOS_StartToRun used once
2 symbols



ARM Macro Assembler    Page 1 Alphabetic symbol ordering
Relocatable symbols

KERNEL 00000000

Symbol: KERNEL
   Definitions
      At line 100 in file ..\Huawei_LiteOS\platform\cpu\arm\cortex-m4\los_dispa
tch.s
   Uses
      None
Comment: KERNEL unused
LOS_IntLock 00000000

Symbol: LOS_IntLock
   Definitions
      At line 104 in file ..\Huawei_LiteOS\platform\cpu\arm\cortex-m4\los_dispa
tch.s
   Uses
      At line 37 in file ..\Huawei_LiteOS\platform\cpu\arm\cortex-m4\los_dispat
ch.s
Comment: LOS_IntLock used once
LOS_IntRestore 00000010

Symbol: LOS_IntRestore
   Definitions
      At line 114 in file ..\Huawei_LiteOS\platform\cpu\arm\cortex-m4\los_dispa
tch.s
   Uses
      At line 39 in file ..\Huawei_LiteOS\platform\cpu\arm\cortex-m4\los_dispat
ch.s
Comment: LOS_IntRestore used once
LOS_IntUnLock 00000008

Symbol: LOS_IntUnLock
   Definitions
      At line 109 in file ..\Huawei_LiteOS\platform\cpu\arm\cortex-m4\los_dispa
tch.s
   Uses
      At line 38 in file ..\Huawei_LiteOS\platform\cpu\arm\cortex-m4\los_dispat
ch.s
Comment: LOS_IntUnLock used once
PendSV_Handler 00000020

Symbol: PendSV_Handler
   Definitions
      At line 124 in file ..\Huawei_LiteOS\platform\cpu\arm\cortex-m4\los_dispa
tch.s
   Uses
      At line 42 in file ..\Huawei_LiteOS\platform\cpu\arm\cortex-m4\los_dispat
ch.s
Comment: PendSV_Handler used once
TaskSwitch 00000036

Symbol: TaskSwitch
   Definitions
      At line 135 in file ..\Huawei_LiteOS\platform\cpu\arm\cortex-m4\los_dispa
tch.s
   Uses
      At line 130 in file ..\Huawei_LiteOS\platform\cpu\arm\cortex-m4\los_dispa
tch.s
Comment: TaskSwitch used once



ARM Macro Assembler    Page 2 Alphabetic symbol ordering
Relocatable symbols

osTaskSchedule 00000016

Symbol: osTaskSchedule
   Definitions
      At line 118 in file ..\Huawei_LiteOS\platform\cpu\arm\cortex-m4\los_dispa
tch.s
   Uses
      At line 41 in file ..\Huawei_LiteOS\platform\cpu\arm\cortex-m4\los_dispat
ch.s
Comment: osTaskSchedule used once
7 symbols



ARM Macro Assembler    Page 1 Alphabetic symbol ordering
Absolute symbols

OS_NVIC_INT_CTRL E000ED04

Symbol: OS_NVIC_INT_CTRL
   Definitions
      At line 48 in file ..\Huawei_LiteOS\platform\cpu\arm\cortex-m4\los_dispat
ch.s
   Uses
      At line 119 in file ..\Huawei_LiteOS\platform\cpu\arm\cortex-m4\los_dispa
tch.s
Comment: OS_NVIC_INT_CTRL used once
OS_NVIC_PENDSVSET 10000000

Symbol: OS_NVIC_PENDSVSET
   Definitions
      At line 51 in file ..\Huawei_LiteOS\platform\cpu\arm\cortex-m4\los_dispat
ch.s
   Uses
      At line 120 in file ..\Huawei_LiteOS\platform\cpu\arm\cortex-m4\los_dispa
tch.s
Comment: OS_NVIC_PENDSVSET used once
OS_NVIC_PENDSV_PRI F0F00000

Symbol: OS_NVIC_PENDSV_PRI
   Definitions
      At line 50 in file ..\Huawei_LiteOS\platform\cpu\arm\cortex-m4\los_dispat
ch.s
   Uses
      At line 60 in file ..\Huawei_LiteOS\platform\cpu\arm\cortex-m4\los_dispat
ch.s
Comment: OS_NVIC_PENDSV_PRI used once
OS_NVIC_SYSPRI2 E000ED20

Symbol: OS_NVIC_SYSPRI2
   Definitions
      At line 49 in file ..\Huawei_LiteOS\platform\cpu\arm\cortex-m4\los_dispat
ch.s
   Uses
      At line 59 in file ..\Huawei_LiteOS\platform\cpu\arm\cortex-m4\los_dispat
ch.s
Comment: OS_NVIC_SYSPRI2 used once
OS_TASK_STATUS_RUNNING 00000010

Symbol: OS_TASK_STATUS_RUNNING
   Definitions
      At line 52 in file ..\Huawei_LiteOS\platform\cpu\arm\cortex-m4\los_dispat
ch.s
   Uses
      At line 79 in file ..\Huawei_LiteOS\platform\cpu\arm\cortex-m4\los_dispat
ch.s
      At line 147 in file ..\Huawei_LiteOS\platform\cpu\arm\cortex-m4\los_dispa
tch.s
      At line 158 in file ..\Huawei_LiteOS\platform\cpu\arm\cortex-m4\los_dispa
tch.s

5 symbols



ARM Macro Assembler    Page 1 Alphabetic symbol ordering
External symbols

g_bTaskScheduled 00000000

Symbol: g_bTaskScheduled
   Definitions
      At line 46 in file ..\Huawei_LiteOS\platform\cpu\arm\cortex-m4\los_dispat
ch.s
   Uses
      At line 63 in file ..\Huawei_LiteOS\platform\cpu\arm\cortex-m4\los_dispat
ch.s
Comment: g_bTaskScheduled used once
g_pfnTskSwitchHook 00000000

Symbol: g_pfnTskSwitchHook
   Definitions
      At line 45 in file ..\Huawei_LiteOS\platform\cpu\arm\cortex-m4\los_dispat
ch.s
   Uses
      At line 128 in file ..\Huawei_LiteOS\platform\cpu\arm\cortex-m4\los_dispa
tch.s
Comment: g_pfnTskSwitchHook used once
g_stLosTask 00000000

Symbol: g_stLosTask
   Definitions
      At line 44 in file ..\Huawei_LiteOS\platform\cpu\arm\cortex-m4\los_dispat
ch.s
   Uses
      At line 71 in file ..\Huawei_LiteOS\platform\cpu\arm\cortex-m4\los_dispat
ch.s
      At line 73 in file ..\Huawei_LiteOS\platform\cpu\arm\cortex-m4\los_dispat
ch.s
      At line 76 in file ..\Huawei_LiteOS\platform\cpu\arm\cortex-m4\los_dispat
ch.s
      At line 141 in file ..\Huawei_LiteOS\platform\cpu\arm\cortex-m4\los_dispa
tch.s
      At line 152 in file ..\Huawei_LiteOS\platform\cpu\arm\cortex-m4\los_dispa
tch.s

3 symbols
353 symbols in table
